Using pre-set license
Built from '2021.3/staging' branch; Version is '2021.3.8f1 (b30333d56e81) revision 11731763'; Using compiler version '192829333'; Build Type 'Release'
OS: 'Windows 11  (10.0.22000) 64bit Core' Language: 'en' Physical Memory: 16068 MB
BatchMode: 1, IsHumanControllingUs: 0, StartBugReporterOnCrash: 0, Is64bit: 1, IsPro: 1

COMMAND LINE ARGUMENTS:
C:\Program Files\Unity\Hub\Editor\2021.3.8f1\Editor\Unity.exe
-adb2
-batchMode
-noUpm
-name
AssetImportWorker1
-projectPath
C:/Users/ndawi/starsailors
-logFile
Logs/AssetImportWorker1.log
-srvPort
56408
Successfully changed project path to: C:/Users/ndawi/starsailors
C:/Users/ndawi/starsailors
[UnityMemory] Configuration Parameters - Can be set up in boot.config
    "memorysetup-bucket-allocator-granularity=16"
    "memorysetup-bucket-allocator-bucket-count=8"
    "memorysetup-bucket-allocator-block-size=33554432"
    "memorysetup-bucket-allocator-block-count=8"
    "memorysetup-main-allocator-block-size=16777216"
    "memorysetup-thread-allocator-block-size=16777216"
    "memorysetup-gfx-main-allocator-block-size=16777216"
    "memorysetup-gfx-thread-allocator-block-size=16777216"
    "memorysetup-cache-allocator-block-size=4194304"
    "memorysetup-typetree-allocator-block-size=2097152"
    "memorysetup-profiler-bucket-allocator-granularity=16"
    "memorysetup-profiler-bucket-allocator-bucket-count=8"
    "memorysetup-profiler-bucket-allocator-block-size=33554432"
    "memorysetup-profiler-bucket-allocator-block-count=8"
    "memorysetup-profiler-allocator-block-size=16777216"
    "memorysetup-profiler-editor-allocator-block-size=1048576"
    "memorysetup-temp-allocator-size-main=16777216"
    "memorysetup-job-temp-allocator-block-size=2097152"
    "memorysetup-job-temp-allocator-block-size-background=1048576"
    "memorysetup-job-temp-allocator-reduction-small-platforms=262144"
    "memorysetup-temp-allocator-size-background-worker=32768"
    "memorysetup-temp-allocator-size-job-worker=262144"
    "memorysetup-temp-allocator-size-preload-manager=33554432"
    "memorysetup-temp-allocator-size-nav-mesh-worker=65536"
    "memorysetup-temp-allocator-size-audio-worker=65536"
    "memorysetup-temp-allocator-size-cloud-worker=32768"
    "memorysetup-temp-allocator-size-gi-baking-worker=262144"
    "memorysetup-temp-allocator-size-gfx=262144"
Refreshing native plugins compatible for Editor in 350.41 ms, found 3 plugins.
Preloading 0 native plugins for Editor in 0.00 ms.
Initialize engine version: 2021.3.8f1 (b30333d56e81)
[Subsystems] Discovering subsystems at path C:/Program Files/Unity/Hub/Editor/2021.3.8f1/Editor/Data/Resources/UnitySubsystems
[Subsystems] Discovering subsystems at path C:/Users/ndawi/starsailors/Assets
GfxDevice: creating device client; threaded=0; jobified=0
Direct3D:
    Version:  Direct3D 11.0 [level 11.1]
    Renderer: Intel(R) Iris(R) Xe Graphics (ID=0x46a8)
    Vendor:   Intel
    VRAM:     8034 MB
    Driver:   30.0.101.1368
Initialize mono
Mono path[0] = 'C:/Program Files/Unity/Hub/Editor/2021.3.8f1/Editor/Data/Managed'
Mono path[1] = 'C:/Program Files/Unity/Hub/Editor/2021.3.8f1/Editor/Data/MonoBleedingEdge/lib/mono/unityjit-win32'
Mono config path = 'C:/Program Files/Unity/Hub/Editor/2021.3.8f1/Editor/Data/MonoBleedingEdge/etc'
Using monoOptions --debugger-agent=transport=dt_socket,embedding=1,server=y,suspend=n,address=127.0.0.1:56636
Begin MonoManager ReloadAssembly
Registering precompiled unity dll's ...
Register platform support module: C:/Program Files/Unity/Hub/Editor/2021.3.8f1/Editor/Data/PlaybackEngines/WindowsStandaloneSupport/UnityEditor.WindowsStandalone.Extensions.dll
Registered in 0.005415 seconds.
Native extension for WindowsStandalone target not found
Refreshing native plugins compatible for Editor in 237.14 ms, found 3 plugins.
Preloading 0 native plugins for Editor in 0.00 ms.
Mono: successfully reloaded assembly
- Completed reload, in  1.190 seconds
Domain Reload Profiling:
	ReloadAssembly (1191ms)
		BeginReloadAssembly (132ms)
			ExecutionOrderSort (0ms)
			DisableScriptedObjects (0ms)
			BackupInstance (0ms)
			ReleaseScriptingObjects (0ms)
			CreateAndSetChildDomain (2ms)
		EndReloadAssembly (840ms)
			LoadAssemblies (127ms)
			RebuildTransferFunctionScriptingTraits (0ms)
			SetupTypeCache (171ms)
			ReleaseScriptCaches (0ms)
			RebuildScriptCaches (51ms)
			SetupLoadedEditorAssemblies (530ms)
				LogAssemblyErrors (0ms)
				InitializePlatformSupportModulesInManaged (14ms)
				SetLoadedEditorAssemblies (1ms)
				RefreshPlugins (237ms)
				BeforeProcessingInitializeOnLoad (3ms)
				ProcessInitializeOnLoadAttributes (201ms)
				ProcessInitializeOnLoadMethodAttributes (74ms)
				AfterProcessingInitializeOnLoad (0ms)
				EditorAssembliesLoaded (0ms)
			ExecutionOrderSort2 (0ms)
			AwakeInstancesAfterBackupRestoration (0ms)
Platform modules already initialized, skipping
Registering precompiled user dll's ...
Registered in 0.020487 seconds.
Begin MonoManager ReloadAssembly
Symbol file LoadedFromMemory doesn't match image C:\Users\ndawi\starsailors\Library\PackageCache\com.unity.visualscripting@1.7.8\Editor\VisualScripting.Core\Dependencies\YamlDotNet\Unity.VisualScripting.YamlDotNet.dll
Symbol file LoadedFromMemory doesn't match image C:\Users\ndawi\starsailors\Library\PackageCache\com.unity.visualscripting@1.7.8\Editor\VisualScripting.Core\Dependencies\DotNetZip\Unity.VisualScripting.IonicZip.dll
Native extension for WindowsStandalone target not found
Refreshing native plugins compatible for Editor in 399.42 ms, found 3 plugins.
Preloading 0 native plugins for Editor in 0.00 ms.
Mono: successfully reloaded assembly
- Completed reload, in  2.541 seconds
Domain Reload Profiling:
	ReloadAssembly (2542ms)
		BeginReloadAssembly (149ms)
			ExecutionOrderSort (0ms)
			DisableScriptedObjects (9ms)
			BackupInstance (0ms)
			ReleaseScriptingObjects (0ms)
			CreateAndSetChildDomain (24ms)
		EndReloadAssembly (2248ms)
			LoadAssemblies (144ms)
			RebuildTransferFunctionScriptingTraits (0ms)
			SetupTypeCache (576ms)
			ReleaseScriptCaches (1ms)
			RebuildScriptCaches (139ms)
			SetupLoadedEditorAssemblies (1307ms)
				LogAssemblyErrors (0ms)
				InitializePlatformSupportModulesInManaged (5ms)
				SetLoadedEditorAssemblies (0ms)
				RefreshPlugins (400ms)
				BeforeProcessingInitializeOnLoad (297ms)
				ProcessInitializeOnLoadAttributes (532ms)
				ProcessInitializeOnLoadMethodAttributes (67ms)
				AfterProcessingInitializeOnLoad (5ms)
				EditorAssembliesLoaded (0ms)
			ExecutionOrderSort2 (0ms)
			AwakeInstancesAfterBackupRestoration (8ms)
Platform modules already initialized, skipping
========================================================================
Worker process is ready to serve import requests
Launched and connected shader compiler UnityShaderCompiler.exe after 0.10 seconds
Refreshing native plugins compatible for Editor in 1.80 ms, found 3 plugins.
Preloading 0 native plugins for Editor in 0.00 ms.
Unloading 7777 Unused Serialized files (Serialized files now loaded: 0)
Unloading 158 unused Assets / (11.8 MB). Loaded Objects now: 8114.
Memory consumption went from 329.7 MB to 317.9 MB.
Total: 9.468500 ms (FindLiveObjects: 0.677700 ms CreateObjectMapping: 0.396400 ms MarkObjects: 4.529400 ms  DeleteObjects: 3.863500 ms)

AssetImportParameters requested are different than current active one (requested -> active):
  custom:video-decoder-ogg-theora: a1e56fd34408186e4bbccfd4996cb3dc -> 
  custom:container-muxer-webm: aa71ff27fc2769a1b78a27578f13a17b -> 
  custom:container-demuxer-webm: 4f35f7cbe854078d1ac9338744f61a02 -> 
  custom:video-encoder-webm-vp8: eb34c28f22e8b96e1ab97ce403110664 -> 
  custom:video-codec-MediaFoundation-h265: 746d11721c4dcdbdad8f713fa42b33f4 -> 
  custom:audio-encoder-webm-vorbis: bf7c407c2cedff20999df2af8eb42d56 -> 
  custom:framework-win-MediaFoundation: 216162199b28c13a410421893ffa2e32 -> 
  custom:container-demuxer-ogg: 62fdf1f143b41e24485cea50d1cbac27 -> 
  custom:video-decoder-webm-vp8: 9c59270c3fd7afecdb556c50c9e8de78 -> 
  custom:audio-decoder-ogg-vorbis: bf7c407c2cedff20999df2af8eb42d56 -> 
========================================================================
Received Import Request.
  Time since last request: 22390.112363 seconds.
  path: Assets/Scenes/Menu
  artifactKey: Guid(80e495543b43d425db80d60cca0fab77) Importer(815301076,1909f56bfc062723c751e8b465ee728b)
Start importing Assets/Scenes/Menu using Guid(80e495543b43d425db80d60cca0fab77) Importer(815301076,1909f56bfc062723c751e8b465ee728b)  -> (artifact id: '6b77e3445457e6e4b5664b80f42a1030') in 0.032807 seconds 
========================================================================
Received Import Request.
  Time since last request: 0.000053 seconds.
  path: Assets/Scenes/Menu/Gold.asset
  artifactKey: Guid(9e4aa9f0beef9466baf73b921e13aa3f) Importer(815301076,1909f56bfc062723c751e8b465ee728b)
Start importing Assets/Scenes/Menu/Gold.asset using Guid(9e4aa9f0beef9466baf73b921e13aa3f) Importer(815301076,1909f56bfc062723c751e8b465ee728b)  -> (artifact id: '909eeb273f1ed5e3b479cac2c1ed8390') in 0.053421 seconds 
========================================================================
Received Import Request.
  Time since last request: 3.864443 seconds.
  path: Assets/Scenes/FirstPerson 3D Controller/UI/Gui_parts/barmid_ready.png
  artifactKey: Guid(4d509d897fabe476499747a268b94bbb) Importer(815301076,1909f56bfc062723c751e8b465ee728b)
Start importing Assets/Scenes/FirstPerson 3D Controller/UI/Gui_parts/barmid_ready.png using Guid(4d509d897fabe476499747a268b94bbb) Importer(815301076,1909f56bfc062723c751e8b465ee728b)  -> (artifact id: '86bafebb137a7102fbbdd7ade71379f9') in 0.248284 seconds 
========================================================================
Received Import Request.
  Time since last request: 0.000064 seconds.
  path: Assets/Scenes/FirstPerson 3D Controller/UI/Gui_parts/lil_roundframe_ready.png
  artifactKey: Guid(6dc75e86933344eada48226de3f1ba81) Importer(815301076,1909f56bfc062723c751e8b465ee728b)
Start importing Assets/Scenes/FirstPerson 3D Controller/UI/Gui_parts/lil_roundframe_ready.png using Guid(6dc75e86933344eada48226de3f1ba81) Importer(815301076,1909f56bfc062723c751e8b465ee728b)  -> (artifact id: '09e3cd21aee04388ccc35cc63851c66d') in 0.051548 seconds 
========================================================================
Received Import Request.
  Time since last request: 0.000049 seconds.
  path: Assets/Scenes/FirstPerson 3D Controller/UI/Gui_parts/Frame_mid_2.png
  artifactKey: Guid(6bb85ad8e4cc64a44ac3a32bad666eab) Importer(815301076,1909f56bfc062723c751e8b465ee728b)
Start importing Assets/Scenes/FirstPerson 3D Controller/UI/Gui_parts/Frame_mid_2.png using Guid(6bb85ad8e4cc64a44ac3a32bad666eab) Importer(815301076,1909f56bfc062723c751e8b465ee728b)  -> (artifact id: '5fd419ed74b9d945d0ab10fb4969b0f6') in 0.158283 seconds 
========================================================================
Received Import Request.
  Time since last request: 0.000041 seconds.
  path: Assets/Scenes/FirstPerson 3D Controller/UI/Gui_parts/Mini_frame0.png
  artifactKey: Guid(23a2513b5c5fc4411aa9fc3edbb9a6c9) Importer(815301076,1909f56bfc062723c751e8b465ee728b)
Start importing Assets/Scenes/FirstPerson 3D Controller/UI/Gui_parts/Mini_frame0.png using Guid(23a2513b5c5fc4411aa9fc3edbb9a6c9) Importer(815301076,1909f56bfc062723c751e8b465ee728b)  -> (artifact id: 'd5de5113b4ab66a3237c736935949e89') in 0.047608 seconds 
========================================================================
Received Import Request.
  Time since last request: 0.000042 seconds.
  path: Assets/Scenes/FirstPerson 3D Controller/UI/Gui_parts
  artifactKey: Guid(8e6cc5bb95976460e925172d1ff6a3ee) Importer(815301076,1909f56bfc062723c751e8b465ee728b)
Start importing Assets/Scenes/FirstPerson 3D Controller/UI/Gui_parts using Guid(8e6cc5bb95976460e925172d1ff6a3ee) Importer(815301076,1909f56bfc062723c751e8b465ee728b)  -> (artifact id: 'f737faff5b958b8cad9354ecbfa94eb2') in 0.014244 seconds 
========================================================================
Received Import Request.
  Time since last request: 0.000050 seconds.
  path: Assets/Scenes/FirstPerson 3D Controller/UI/Gui_parts/mid_background.png
  artifactKey: Guid(3095e42ef2dfe428e80230f285af68c9) Importer(815301076,1909f56bfc062723c751e8b465ee728b)
Start importing Assets/Scenes/FirstPerson 3D Controller/UI/Gui_parts/mid_background.png using Guid(3095e42ef2dfe428e80230f285af68c9) Importer(815301076,1909f56bfc062723c751e8b465ee728b)  -> (artifact id: '1867481e65793776fc2c18912e152564') in 0.165840 seconds 
========================================================================
Received Import Request.
  Time since last request: 0.000040 seconds.
  path: Assets/Scenes/FirstPerson 3D Controller/UI/Gui_parts/Mini_background.png
  artifactKey: Guid(8effface3ce0b4228b9f4691f4e5f3f4) Importer(815301076,1909f56bfc062723c751e8b465ee728b)
Start importing Assets/Scenes/FirstPerson 3D Controller/UI/Gui_parts/Mini_background.png using Guid(8effface3ce0b4228b9f4691f4e5f3f4) Importer(815301076,1909f56bfc062723c751e8b465ee728b)  -> (artifact id: 'f5497b430af8400a1caf9360d6802c04') in 0.045948 seconds 
========================================================================
Received Import Request.
  Time since last request: 0.000040 seconds.
  path: Assets/Scenes/FirstPerson 3D Controller/UI/Gui_parts/name_bar3.png
  artifactKey: Guid(7368dcc11f362498996e3cdf0bdac397) Importer(815301076,1909f56bfc062723c751e8b465ee728b)
Start importing Assets/Scenes/FirstPerson 3D Controller/UI/Gui_parts/name_bar3.png using Guid(7368dcc11f362498996e3cdf0bdac397) Importer(815301076,1909f56bfc062723c751e8b465ee728b)  -> (artifact id: 'ee0d1c57b95b271f378c9e3cf7327dfe') in 0.065728 seconds 
========================================================================
Received Import Request.
  Time since last request: 0.000052 seconds.
  path: Assets/Scenes/FirstPerson 3D Controller/UI/Gui_parts/button_frame.png
  artifactKey: Guid(4dff4b9611940423ebfcbcf27d65e43d) Importer(815301076,1909f56bfc062723c751e8b465ee728b)
Start importing Assets/Scenes/FirstPerson 3D Controller/UI/Gui_parts/button_frame.png using Guid(4dff4b9611940423ebfcbcf27d65e43d) Importer(815301076,1909f56bfc062723c751e8b465ee728b)  -> (artifact id: '7a5a2c12aff699d8f5ac296eccf268e2') in 0.067179 seconds 
========================================================================
Received Import Request.
  Time since last request: 0.000088 seconds.
  path: Assets/Scenes/FirstPerson 3D Controller/UI/Gui_parts/button_cancel.png
  artifactKey: Guid(83630bc4b7fe94e7285d528990ec8dc9) Importer(815301076,1909f56bfc062723c751e8b465ee728b)
Start importing Assets/Scenes/FirstPerson 3D Controller/UI/Gui_parts/button_cancel.png using Guid(83630bc4b7fe94e7285d528990ec8dc9) Importer(815301076,1909f56bfc062723c751e8b465ee728b)  -> (artifact id: 'b2cc80242048c630cd02341c72cadb0b') in 0.045245 seconds 
========================================================================
Received Import Request.
  Time since last request: 0.000058 seconds.
  path: Assets/Scenes/FirstPerson 3D Controller/UI/Gui_parts/button_ready_off.png
  artifactKey: Guid(b665d441107a445ce94eedbb64c6b0c9) Importer(815301076,1909f56bfc062723c751e8b465ee728b)
Start importing Assets/Scenes/FirstPerson 3D Controller/UI/Gui_parts/button_ready_off.png using Guid(b665d441107a445ce94eedbb64c6b0c9) Importer(815301076,1909f56bfc062723c751e8b465ee728b)  -> (artifact id: '30beda41629d55cd85f2200720444f75') in 0.056633 seconds 
========================================================================
Received Import Request.
  Time since last request: 0.000037 seconds.
  path: Assets/Scenes/FirstPerson 3D Controller/UI/Gui_parts/Mini_frame1.png
  artifactKey: Guid(12e663ec855f04d75b4cfa31318693fb) Importer(815301076,1909f56bfc062723c751e8b465ee728b)
Start importing Assets/Scenes/FirstPerson 3D Controller/UI/Gui_parts/Mini_frame1.png using Guid(12e663ec855f04d75b4cfa31318693fb) Importer(815301076,1909f56bfc062723c751e8b465ee728b)  -> (artifact id: '01a21a86d486f7401d351e1a04db06d0') in 0.053713 seconds 
========================================================================
Received Import Request.
  Time since last request: 0.000060 seconds.
  path: Assets/Scenes/FirstPerson 3D Controller/UI/Gui_parts/lil_roundbackground.png
  artifactKey: Guid(d0161b9f7dafa4ad2be6b943e28213ec) Importer(815301076,1909f56bfc062723c751e8b465ee728b)
Start importing Assets/Scenes/FirstPerson 3D Controller/UI/Gui_parts/lil_roundbackground.png using Guid(d0161b9f7dafa4ad2be6b943e28213ec) Importer(815301076,1909f56bfc062723c751e8b465ee728b)  -> (artifact id: '076bd04e99451bb8de054f8f314c7417') in 0.048181 seconds 
========================================================================
Received Import Request.
  Time since last request: 0.000035 seconds.
  path: Assets/Scenes/FirstPerson 3D Controller/UI/Gui_parts/big_roundframe.png
  artifactKey: Guid(536b3f6104d7e4722a2ddd2817a3b822) Importer(815301076,1909f56bfc062723c751e8b465ee728b)
Start importing Assets/Scenes/FirstPerson 3D Controller/UI/Gui_parts/big_roundframe.png using Guid(536b3f6104d7e4722a2ddd2817a3b822) Importer(815301076,1909f56bfc062723c751e8b465ee728b)  -> (artifact id: 'd7ffa2cc7969ae88a94e220a99391fb2') in 0.110022 seconds 
========================================================================
Received Import Request.
  Time since last request: 0.000034 seconds.
  path: Assets/Scenes/FirstPerson 3D Controller/UI/Gui_parts/button2.png
  artifactKey: Guid(dc4f8d9be88d44369a5de586dbc9b946) Importer(815301076,1909f56bfc062723c751e8b465ee728b)
Start importing Assets/Scenes/FirstPerson 3D Controller/UI/Gui_parts/button2.png using Guid(dc4f8d9be88d44369a5de586dbc9b946) Importer(815301076,1909f56bfc062723c751e8b465ee728b)  -> (artifact id: 'c148053231dbf3ecf0b5bfea2bf75979') in 0.057830 seconds 
========================================================================
Received Import Request.
  Time since last request: 0.000052 seconds.
  path: Assets/Scenes/FirstPerson 3D Controller/UI/Gui_parts/Frame_big.png
  artifactKey: Guid(587c2f05a71544a398040b9e58c2a82b) Importer(815301076,1909f56bfc062723c751e8b465ee728b)
Start importing Assets/Scenes/FirstPerson 3D Controller/UI/Gui_parts/Frame_big.png using Guid(587c2f05a71544a398040b9e58c2a82b) Importer(815301076,1909f56bfc062723c751e8b465ee728b)  -> (artifact id: '5354c439131abb84a73748d04588b15b') in 0.238382 seconds 
========================================================================
Received Import Request.
  Time since last request: 0.000051 seconds.
  path: Assets/Scenes/FirstPerson 3D Controller/UI/Gui_parts/button2_ready_off.png
  artifactKey: Guid(1e8b22ace0d9344639d2270eba293854) Importer(815301076,1909f56bfc062723c751e8b465ee728b)
Start importing Assets/Scenes/FirstPerson 3D Controller/UI/Gui_parts/button2_ready_off.png using Guid(1e8b22ace0d9344639d2270eba293854) Importer(815301076,1909f56bfc062723c751e8b465ee728b)  -> (artifact id: '3aef92189c426ed05d238aa6e95e6c37') in 0.046697 seconds 
========================================================================
Received Import Request.
  Time since last request: 0.000038 seconds.
  path: Assets/Scenes/FirstPerson 3D Controller/UI/Gui_parts/button2_ready_on.png
  artifactKey: Guid(552aabe158a2047488fbb37de0e167da) Importer(815301076,1909f56bfc062723c751e8b465ee728b)
Start importing Assets/Scenes/FirstPerson 3D Controller/UI/Gui_parts/button2_ready_on.png using Guid(552aabe158a2047488fbb37de0e167da) Importer(815301076,1909f56bfc062723c751e8b465ee728b)  -> (artifact id: '2fad8f27b426403fc802810898843a43') in 0.085896 seconds 
========================================================================
Received Import Request.
  Time since last request: 2.549721 seconds.
  path: Assets/Scenes/FirstPerson 3D Controller/UI/Icons/skill_icon_01.png
  artifactKey: Guid(6891ab2798c9a472883830192887a74f) Importer(815301076,1909f56bfc062723c751e8b465ee728b)
Start importing Assets/Scenes/FirstPerson 3D Controller/UI/Icons/skill_icon_01.png using Guid(6891ab2798c9a472883830192887a74f) Importer(815301076,1909f56bfc062723c751e8b465ee728b)  -> (artifact id: 'dcaf5476357e7e70c5a3119250996676') in 0.063259 seconds 
========================================================================
Received Import Request.
  Time since last request: 0.000048 seconds.
  path: Assets/Scenes/FirstPerson 3D Controller/UI/Icons/skill_icon_04_nobg.png
  artifactKey: Guid(5f6b628ff593140418ff87176d257bda) Importer(815301076,1909f56bfc062723c751e8b465ee728b)
Start importing Assets/Scenes/FirstPerson 3D Controller/UI/Icons/skill_icon_04_nobg.png using Guid(5f6b628ff593140418ff87176d257bda) Importer(815301076,1909f56bfc062723c751e8b465ee728b)  -> (artifact id: '75cac3bbc6d947345cef882d6893d013') in 0.074569 seconds 
========================================================================
Received Import Request.
  Time since last request: 0.000050 seconds.
  path: Assets/Scenes/FirstPerson 3D Controller/UI/Icons/skill_icon_03.png
  artifactKey: Guid(7beb200968c314b6592a726c888fdd22) Importer(815301076,1909f56bfc062723c751e8b465ee728b)
Start importing Assets/Scenes/FirstPerson 3D Controller/UI/Icons/skill_icon_03.png using Guid(7beb200968c314b6592a726c888fdd22) Importer(815301076,1909f56bfc062723c751e8b465ee728b)  -> (artifact id: 'a7537fc9bb5abc2ead90005bea08eb22') in 0.081999 seconds 
========================================================================
Received Import Request.
  Time since last request: 0.000047 seconds.
  path: Assets/Scenes/FirstPerson 3D Controller/UI/Icons/skill_icon_03_nobg.png
  artifactKey: Guid(32fc27a5624a144b0b4e4d7a52794602) Importer(815301076,1909f56bfc062723c751e8b465ee728b)
Start importing Assets/Scenes/FirstPerson 3D Controller/UI/Icons/skill_icon_03_nobg.png using Guid(32fc27a5624a144b0b4e4d7a52794602) Importer(815301076,1909f56bfc062723c751e8b465ee728b)  -> (artifact id: 'e9e6cbe5b39061d0a3e55cbf1812afdc') in 0.055932 seconds 
========================================================================
Received Import Request.
  Time since last request: 0.000042 seconds.
  path: Assets/Scenes/FirstPerson 3D Controller/UI/Icons/skill_icon_04.png
  artifactKey: Guid(02bec69f103e8475a9cc48dd6d161d86) Importer(815301076,1909f56bfc062723c751e8b465ee728b)
Start importing Assets/Scenes/FirstPerson 3D Controller/UI/Icons/skill_icon_04.png using Guid(02bec69f103e8475a9cc48dd6d161d86) Importer(815301076,1909f56bfc062723c751e8b465ee728b)  -> (artifact id: 'e0aec9d8c26d99033e7db2e6bd90667f') in 0.055174 seconds 
========================================================================
Received Import Request.
  Time since last request: 0.000037 seconds.
  path: Assets/Scenes/FirstPerson 3D Controller/UI/Icons
  artifactKey: Guid(b97f7e219037c4f3a90493529fdb89d6) Importer(815301076,1909f56bfc062723c751e8b465ee728b)
Start importing Assets/Scenes/FirstPerson 3D Controller/UI/Icons using Guid(b97f7e219037c4f3a90493529fdb89d6) Importer(815301076,1909f56bfc062723c751e8b465ee728b)  -> (artifact id: '78f13610fc4f226440d37bca18c1dcb7') in 0.017000 seconds 
========================================================================
Received Prepare
Registering precompiled user dll's ...
Registered in 0.010500 seconds.
Begin MonoManager ReloadAssembly
Symbol file LoadedFromMemory doesn't match image C:\Users\ndawi\starsailors\Library\PackageCache\com.unity.visualscripting@1.7.8\Editor\VisualScripting.Core\Dependencies\YamlDotNet\Unity.VisualScripting.YamlDotNet.dll
Symbol file LoadedFromMemory doesn't match image C:\Users\ndawi\starsailors\Library\PackageCache\com.unity.visualscripting@1.7.8\Editor\VisualScripting.Core\Dependencies\DotNetZip\Unity.VisualScripting.IonicZip.dll
Native extension for WindowsStandalone target not found
Refreshing native plugins compatible for Editor in 1.67 ms, found 3 plugins.
Preloading 0 native plugins for Editor in 0.00 ms.
Mono: successfully reloaded assembly
- Completed reload, in  3.145 seconds
Domain Reload Profiling:
	ReloadAssembly (3149ms)
		BeginReloadAssembly (711ms)
			ExecutionOrderSort (0ms)
			DisableScriptedObjects (24ms)
			BackupInstance (0ms)
			ReleaseScriptingObjects (0ms)
			CreateAndSetChildDomain (237ms)
		EndReloadAssembly (2227ms)
			LoadAssemblies (303ms)
			RebuildTransferFunctionScriptingTraits (0ms)
			SetupTypeCache (1322ms)
			ReleaseScriptCaches (3ms)
			RebuildScriptCaches (100ms)
			SetupLoadedEditorAssemblies (614ms)
				LogAssemblyErrors (0ms)
				InitializePlatformSupportModulesInManaged (16ms)
				SetLoadedEditorAssemblies (2ms)
				RefreshPlugins (2ms)
				BeforeProcessingInitializeOnLoad (153ms)
				ProcessInitializeOnLoadAttributes (382ms)
				ProcessInitializeOnLoadMethodAttributes (53ms)
				AfterProcessingInitializeOnLoad (6ms)
				EditorAssembliesLoaded (0ms)
			ExecutionOrderSort2 (0ms)
			AwakeInstancesAfterBackupRestoration (9ms)
Platform modules already initialized, skipping
Refreshing native plugins compatible for Editor in 4.27 ms, found 3 plugins.
Preloading 0 native plugins for Editor in 0.00 ms.
Unloading 7591 Unused Serialized files (Serialized files now loaded: 0)
Unloading 151 unused Assets / (11.7 MB). Loaded Objects now: 8140.
Memory consumption went from 317.5 MB to 305.8 MB.
Total: 9.047300 ms (FindLiveObjects: 0.597300 ms CreateObjectMapping: 0.409400 ms MarkObjects: 5.649900 ms  DeleteObjects: 2.388500 ms)

AssetImportParameters requested are different than current active one (requested -> active):
  custom:video-decoder-ogg-theora: a1e56fd34408186e4bbccfd4996cb3dc -> 
  custom:container-muxer-webm: aa71ff27fc2769a1b78a27578f13a17b -> 
  custom:container-demuxer-webm: 4f35f7cbe854078d1ac9338744f61a02 -> 
  custom:video-encoder-webm-vp8: eb34c28f22e8b96e1ab97ce403110664 -> 
  custom:video-codec-MediaFoundation-h265: 746d11721c4dcdbdad8f713fa42b33f4 -> 
  custom:audio-encoder-webm-vorbis: bf7c407c2cedff20999df2af8eb42d56 -> 
  custom:framework-win-MediaFoundation: 216162199b28c13a410421893ffa2e32 -> 
  custom:container-demuxer-ogg: 62fdf1f143b41e24485cea50d1cbac27 -> 
  custom:video-decoder-webm-vp8: 9c59270c3fd7afecdb556c50c9e8de78 -> 
  custom:audio-decoder-ogg-vorbis: bf7c407c2cedff20999df2af8eb42d56 -> 
========================================================================
Received Prepare
Registering precompiled user dll's ...
Registered in 0.011423 seconds.
Begin MonoManager ReloadAssembly
Symbol file LoadedFromMemory doesn't match image C:\Users\ndawi\starsailors\Library\PackageCache\com.unity.visualscripting@1.7.8\Editor\VisualScripting.Core\Dependencies\YamlDotNet\Unity.VisualScripting.YamlDotNet.dll
Symbol file LoadedFromMemory doesn't match image C:\Users\ndawi\starsailors\Library\PackageCache\com.unity.visualscripting@1.7.8\Editor\VisualScripting.Core\Dependencies\DotNetZip\Unity.VisualScripting.IonicZip.dll
Native extension for WindowsStandalone target not found
Refreshing native plugins compatible for Editor in 1.96 ms, found 3 plugins.
Preloading 0 native plugins for Editor in 0.00 ms.
Mono: successfully reloaded assembly
- Completed reload, in  1.973 seconds
Domain Reload Profiling:
	ReloadAssembly (1973ms)
		BeginReloadAssembly (178ms)
			ExecutionOrderSort (0ms)
			DisableScriptedObjects (6ms)
			BackupInstance (0ms)
			ReleaseScriptingObjects (1ms)
			CreateAndSetChildDomain (56ms)
		EndReloadAssembly (1657ms)
			LoadAssemblies (134ms)
			RebuildTransferFunctionScriptingTraits (0ms)
			SetupTypeCache (565ms)
			ReleaseScriptCaches (4ms)
			RebuildScriptCaches (127ms)
			SetupLoadedEditorAssemblies (701ms)
				LogAssemblyErrors (0ms)
				InitializePlatformSupportModulesInManaged (15ms)
				SetLoadedEditorAssemblies (1ms)
				RefreshPlugins (2ms)
				BeforeProcessingInitializeOnLoad (190ms)
				ProcessInitializeOnLoadAttributes (435ms)
				ProcessInitializeOnLoadMethodAttributes (52ms)
				AfterProcessingInitializeOnLoad (6ms)
				EditorAssembliesLoaded (0ms)
			ExecutionOrderSort2 (0ms)
			AwakeInstancesAfterBackupRestoration (7ms)
Platform modules already initialized, skipping
Refreshing native plugins compatible for Editor in 3.61 ms, found 3 plugins.
Preloading 0 native plugins for Editor in 0.00 ms.
Unloading 7591 Unused Serialized files (Serialized files now loaded: 0)
Unloading 151 unused Assets / (11.8 MB). Loaded Objects now: 8143.
Memory consumption went from 317.5 MB to 305.8 MB.
Total: 6.374100 ms (FindLiveObjects: 0.563500 ms CreateObjectMapping: 0.377700 ms MarkObjects: 3.366000 ms  DeleteObjects: 2.065800 ms)

AssetImportParameters requested are different than current active one (requested -> active):
  custom:video-decoder-ogg-theora: a1e56fd34408186e4bbccfd4996cb3dc -> 
  custom:container-muxer-webm: aa71ff27fc2769a1b78a27578f13a17b -> 
  custom:container-demuxer-webm: 4f35f7cbe854078d1ac9338744f61a02 -> 
  custom:video-encoder-webm-vp8: eb34c28f22e8b96e1ab97ce403110664 -> 
  custom:video-codec-MediaFoundation-h265: 746d11721c4dcdbdad8f713fa42b33f4 -> 
  custom:audio-encoder-webm-vorbis: bf7c407c2cedff20999df2af8eb42d56 -> 
  custom:framework-win-MediaFoundation: 216162199b28c13a410421893ffa2e32 -> 
  custom:container-demuxer-ogg: 62fdf1f143b41e24485cea50d1cbac27 -> 
  custom:video-decoder-webm-vp8: 9c59270c3fd7afecdb556c50c9e8de78 -> 
  custom:audio-decoder-ogg-vorbis: bf7c407c2cedff20999df2af8eb42d56 -> 
