Using pre-set license
Built from '2021.3/staging' branch; Version is '2021.3.8f1 (b30333d56e81) revision 11731763'; Using compiler version '192829333'; Build Type 'Release'
OS: 'Windows 11  (10.0.22000) 64bit Core' Language: 'en' Physical Memory: 16068 MB
BatchMode: 1, IsHumanControllingUs: 0, StartBugReporterOnCrash: 0, Is64bit: 1, IsPro: 1

COMMAND LINE ARGUMENTS:
C:\Program Files\Unity\Hub\Editor\2021.3.8f1\Editor\Unity.exe
-adb2
-batchMode
-noUpm
-name
AssetImportWorker0
-projectPath
C:/Users/ndawi/starsailors
-logFile
Logs/AssetImportWorker0.log
-srvPort
56408
Successfully changed project path to: C:/Users/ndawi/starsailors
C:/Users/ndawi/starsailors
[UnityMemory] Configuration Parameters - Can be set up in boot.config
    "memorysetup-bucket-allocator-granularity=16"
    "memorysetup-bucket-allocator-bucket-count=8"
    "memorysetup-bucket-allocator-block-size=33554432"
    "memorysetup-bucket-allocator-block-count=8"
    "memorysetup-main-allocator-block-size=16777216"
    "memorysetup-thread-allocator-block-size=16777216"
    "memorysetup-gfx-main-allocator-block-size=16777216"
    "memorysetup-gfx-thread-allocator-block-size=16777216"
    "memorysetup-cache-allocator-block-size=4194304"
    "memorysetup-typetree-allocator-block-size=2097152"
    "memorysetup-profiler-bucket-allocator-granularity=16"
    "memorysetup-profiler-bucket-allocator-bucket-count=8"
    "memorysetup-profiler-bucket-allocator-block-size=33554432"
    "memorysetup-profiler-bucket-allocator-block-count=8"
    "memorysetup-profiler-allocator-block-size=16777216"
    "memorysetup-profiler-editor-allocator-block-size=1048576"
    "memorysetup-temp-allocator-size-main=16777216"
    "memorysetup-job-temp-allocator-block-size=2097152"
    "memorysetup-job-temp-allocator-block-size-background=1048576"
    "memorysetup-job-temp-allocator-reduction-small-platforms=262144"
    "memorysetup-temp-allocator-size-background-worker=32768"
    "memorysetup-temp-allocator-size-job-worker=262144"
    "memorysetup-temp-allocator-size-preload-manager=33554432"
    "memorysetup-temp-allocator-size-nav-mesh-worker=65536"
    "memorysetup-temp-allocator-size-audio-worker=65536"
    "memorysetup-temp-allocator-size-cloud-worker=32768"
    "memorysetup-temp-allocator-size-gi-baking-worker=262144"
    "memorysetup-temp-allocator-size-gfx=262144"
Refreshing native plugins compatible for Editor in 366.12 ms, found 3 plugins.
Preloading 0 native plugins for Editor in 0.00 ms.
Initialize engine version: 2021.3.8f1 (b30333d56e81)
[Subsystems] Discovering subsystems at path C:/Program Files/Unity/Hub/Editor/2021.3.8f1/Editor/Data/Resources/UnitySubsystems
[Subsystems] Discovering subsystems at path C:/Users/ndawi/starsailors/Assets
GfxDevice: creating device client; threaded=0; jobified=0
Direct3D:
    Version:  Direct3D 11.0 [level 11.1]
    Renderer: Intel(R) Iris(R) Xe Graphics (ID=0x46a8)
    Vendor:   Intel
    VRAM:     8034 MB
    Driver:   30.0.101.1368
Initialize mono
Mono path[0] = 'C:/Program Files/Unity/Hub/Editor/2021.3.8f1/Editor/Data/Managed'
Mono path[1] = 'C:/Program Files/Unity/Hub/Editor/2021.3.8f1/Editor/Data/MonoBleedingEdge/lib/mono/unityjit-win32'
Mono config path = 'C:/Program Files/Unity/Hub/Editor/2021.3.8f1/Editor/Data/MonoBleedingEdge/etc'
Using monoOptions --debugger-agent=transport=dt_socket,embedding=1,server=y,suspend=n,address=127.0.0.1:56564
Begin MonoManager ReloadAssembly
Registering precompiled unity dll's ...
Register platform support module: C:/Program Files/Unity/Hub/Editor/2021.3.8f1/Editor/Data/PlaybackEngines/WindowsStandaloneSupport/UnityEditor.WindowsStandalone.Extensions.dll
Registered in 0.008344 seconds.
Native extension for WindowsStandalone target not found
Refreshing native plugins compatible for Editor in 312.06 ms, found 3 plugins.
Preloading 0 native plugins for Editor in 0.00 ms.
Mono: successfully reloaded assembly
- Completed reload, in  1.352 seconds
Domain Reload Profiling:
	ReloadAssembly (1352ms)
		BeginReloadAssembly (144ms)
			ExecutionOrderSort (0ms)
			DisableScriptedObjects (0ms)
			BackupInstance (0ms)
			ReleaseScriptingObjects (0ms)
			CreateAndSetChildDomain (1ms)
		EndReloadAssembly (992ms)
			LoadAssemblies (141ms)
			RebuildTransferFunctionScriptingTraits (0ms)
			SetupTypeCache (195ms)
			ReleaseScriptCaches (0ms)
			RebuildScriptCaches (57ms)
			SetupLoadedEditorAssemblies (619ms)
				LogAssemblyErrors (0ms)
				InitializePlatformSupportModulesInManaged (16ms)
				SetLoadedEditorAssemblies (0ms)
				RefreshPlugins (312ms)
				BeforeProcessingInitializeOnLoad (3ms)
				ProcessInitializeOnLoadAttributes (192ms)
				ProcessInitializeOnLoadMethodAttributes (97ms)
				AfterProcessingInitializeOnLoad (0ms)
				EditorAssembliesLoaded (0ms)
			ExecutionOrderSort2 (0ms)
			AwakeInstancesAfterBackupRestoration (0ms)
Platform modules already initialized, skipping
Registering precompiled user dll's ...
Registered in 0.010636 seconds.
Begin MonoManager ReloadAssembly
Symbol file LoadedFromMemory doesn't match image C:\Users\ndawi\starsailors\Library\PackageCache\com.unity.visualscripting@1.7.8\Editor\VisualScripting.Core\Dependencies\YamlDotNet\Unity.VisualScripting.YamlDotNet.dll
Symbol file LoadedFromMemory doesn't match image C:\Users\ndawi\starsailors\Library\PackageCache\com.unity.visualscripting@1.7.8\Editor\VisualScripting.Core\Dependencies\DotNetZip\Unity.VisualScripting.IonicZip.dll
Native extension for WindowsStandalone target not found
Refreshing native plugins compatible for Editor in 342.94 ms, found 3 plugins.
Preloading 0 native plugins for Editor in 0.00 ms.
Mono: successfully reloaded assembly
- Completed reload, in  2.752 seconds
Domain Reload Profiling:
	ReloadAssembly (2754ms)
		BeginReloadAssembly (161ms)
			ExecutionOrderSort (0ms)
			DisableScriptedObjects (6ms)
			BackupInstance (0ms)
			ReleaseScriptingObjects (0ms)
			CreateAndSetChildDomain (34ms)
		EndReloadAssembly (2382ms)
			LoadAssemblies (153ms)
			RebuildTransferFunctionScriptingTraits (0ms)
			SetupTypeCache (694ms)
			ReleaseScriptCaches (1ms)
			RebuildScriptCaches (161ms)
			SetupLoadedEditorAssemblies (1247ms)
				LogAssemblyErrors (0ms)
				InitializePlatformSupportModulesInManaged (5ms)
				SetLoadedEditorAssemblies (0ms)
				RefreshPlugins (343ms)
				BeforeProcessingInitializeOnLoad (289ms)
				ProcessInitializeOnLoadAttributes (528ms)
				ProcessInitializeOnLoadMethodAttributes (69ms)
				AfterProcessingInitializeOnLoad (12ms)
				EditorAssembliesLoaded (0ms)
			ExecutionOrderSort2 (0ms)
			AwakeInstancesAfterBackupRestoration (9ms)
Platform modules already initialized, skipping
========================================================================
Worker process is ready to serve import requests
Launched and connected shader compiler UnityShaderCompiler.exe after 0.06 seconds
Refreshing native plugins compatible for Editor in 2.56 ms, found 3 plugins.
Preloading 0 native plugins for Editor in 0.00 ms.
Unloading 7777 Unused Serialized files (Serialized files now loaded: 0)
Unloading 158 unused Assets / (11.8 MB). Loaded Objects now: 8114.
Memory consumption went from 329.8 MB to 318.0 MB.
Total: 7.874500 ms (FindLiveObjects: 0.718600 ms CreateObjectMapping: 0.487200 ms MarkObjects: 4.525800 ms  DeleteObjects: 2.140800 ms)

AssetImportParameters requested are different than current active one (requested -> active):
  custom:video-decoder-ogg-theora: a1e56fd34408186e4bbccfd4996cb3dc -> 
  custom:container-muxer-webm: aa71ff27fc2769a1b78a27578f13a17b -> 
  custom:container-demuxer-webm: 4f35f7cbe854078d1ac9338744f61a02 -> 
  custom:video-encoder-webm-vp8: eb34c28f22e8b96e1ab97ce403110664 -> 
  custom:video-codec-MediaFoundation-h265: 746d11721c4dcdbdad8f713fa42b33f4 -> 
  custom:audio-encoder-webm-vorbis: bf7c407c2cedff20999df2af8eb42d56 -> 
  custom:framework-win-MediaFoundation: 216162199b28c13a410421893ffa2e32 -> 
  custom:container-demuxer-ogg: 62fdf1f143b41e24485cea50d1cbac27 -> 
  custom:video-decoder-webm-vp8: 9c59270c3fd7afecdb556c50c9e8de78 -> 
  custom:audio-decoder-ogg-vorbis: bf7c407c2cedff20999df2af8eb42d56 -> 
========================================================================
Received Import Request.
  Time since last request: 22390.118826 seconds.
  path: Assets/Scenes/Menu/background.jpg
  artifactKey: Guid(4eacaf88472ae483c8ea7587b69dddbf) Importer(815301076,1909f56bfc062723c751e8b465ee728b)
Start importing Assets/Scenes/Menu/background.jpg using Guid(4eacaf88472ae483c8ea7587b69dddbf) Importer(815301076,1909f56bfc062723c751e8b465ee728b)  -> (artifact id: '80d3668552d60e9fe5c7e16717c9cec0') in 0.253296 seconds 
========================================================================
Received Import Request.
  Time since last request: 2.149691 seconds.
  path: Assets/Scenes/FirstPerson 3D Controller/UI
  artifactKey: Guid(ebd37c1f01fbf43a482cfbf614aea2a1) Importer(815301076,1909f56bfc062723c751e8b465ee728b)
Start importing Assets/Scenes/FirstPerson 3D Controller/UI using Guid(ebd37c1f01fbf43a482cfbf614aea2a1) Importer(815301076,1909f56bfc062723c751e8b465ee728b)  -> (artifact id: '377531dd41d82fd79e2752a8f823b565') in 0.015481 seconds 
========================================================================
Received Import Request.
  Time since last request: 1.509524 seconds.
  path: Assets/Scenes/FirstPerson 3D Controller/UI/Gui_parts/bar_ready.png
  artifactKey: Guid(35a56492107584e4da63bfffe7a6c951) Importer(815301076,1909f56bfc062723c751e8b465ee728b)
Start importing Assets/Scenes/FirstPerson 3D Controller/UI/Gui_parts/bar_ready.png using Guid(35a56492107584e4da63bfffe7a6c951) Importer(815301076,1909f56bfc062723c751e8b465ee728b)  -> (artifact id: '14aeeff036e9a678ee18caee7291f969') in 0.248792 seconds 
========================================================================
Received Import Request.
  Time since last request: 0.000044 seconds.
  path: Assets/Scenes/FirstPerson 3D Controller/UI/Gui_parts/button3_ready.png
  artifactKey: Guid(8ab697110fc3249b488770602ec5596c) Importer(815301076,1909f56bfc062723c751e8b465ee728b)
Start importing Assets/Scenes/FirstPerson 3D Controller/UI/Gui_parts/button3_ready.png using Guid(8ab697110fc3249b488770602ec5596c) Importer(815301076,1909f56bfc062723c751e8b465ee728b)  -> (artifact id: '4297d454bfd44526c30dbd32d29c866e') in 0.051963 seconds 
========================================================================
Received Import Request.
  Time since last request: 0.000060 seconds.
  path: Assets/Scenes/FirstPerson 3D Controller/UI/Gui_parts/Hp_line.png
  artifactKey: Guid(335d269f114f74b2f9f9021f27fdd9cf) Importer(815301076,1909f56bfc062723c751e8b465ee728b)
Start importing Assets/Scenes/FirstPerson 3D Controller/UI/Gui_parts/Hp_line.png using Guid(335d269f114f74b2f9f9021f27fdd9cf) Importer(815301076,1909f56bfc062723c751e8b465ee728b)  -> (artifact id: '7940b2b060dcc6f21b63c666adf054be') in 0.055291 seconds 
========================================================================
Received Import Request.
  Time since last request: 0.000058 seconds.
  path: Assets/Scenes/FirstPerson 3D Controller/UI/Gui_parts/big_background.png
  artifactKey: Guid(f9e5503f82a7c44d982ebc6320aff5e7) Importer(815301076,1909f56bfc062723c751e8b465ee728b)
Start importing Assets/Scenes/FirstPerson 3D Controller/UI/Gui_parts/big_background.png using Guid(f9e5503f82a7c44d982ebc6320aff5e7) Importer(815301076,1909f56bfc062723c751e8b465ee728b)  -> (artifact id: 'b38dac00a4dc75be577db0a2f02fee9a') in 0.233643 seconds 
========================================================================
Received Import Request.
  Time since last request: 0.000037 seconds.
  path: Assets/Scenes/FirstPerson 3D Controller/UI/Gui_parts/name_bar2.png
  artifactKey: Guid(e97d5f8809f1d4381a9df6294a1de7c1) Importer(815301076,1909f56bfc062723c751e8b465ee728b)
Start importing Assets/Scenes/FirstPerson 3D Controller/UI/Gui_parts/name_bar2.png using Guid(e97d5f8809f1d4381a9df6294a1de7c1) Importer(815301076,1909f56bfc062723c751e8b465ee728b)  -> (artifact id: 'a659a09e38722011ec0ad9027b9e3dc7') in 0.056749 seconds 
========================================================================
Received Import Request.
  Time since last request: 0.000048 seconds.
  path: Assets/Scenes/FirstPerson 3D Controller/UI/Gui_parts/Frame_mid.png
  artifactKey: Guid(a4e43026b3a4e413eacfa7356cf4f308) Importer(815301076,1909f56bfc062723c751e8b465ee728b)
Start importing Assets/Scenes/FirstPerson 3D Controller/UI/Gui_parts/Frame_mid.png using Guid(a4e43026b3a4e413eacfa7356cf4f308) Importer(815301076,1909f56bfc062723c751e8b465ee728b)  -> (artifact id: '81e9c5d555e7b051c08dac19fbe3cdda') in 0.162572 seconds 
========================================================================
Received Import Request.
  Time since last request: 0.000073 seconds.
  path: Assets/Scenes/FirstPerson 3D Controller/UI/Gui_parts/button.png
  artifactKey: Guid(6bef2991294a44aefa395e7b6663c664) Importer(815301076,1909f56bfc062723c751e8b465ee728b)
Start importing Assets/Scenes/FirstPerson 3D Controller/UI/Gui_parts/button.png using Guid(6bef2991294a44aefa395e7b6663c664) Importer(815301076,1909f56bfc062723c751e8b465ee728b)  -> (artifact id: '0662ad43f64046f7b784c61d7cdb83af') in 0.063601 seconds 
========================================================================
Received Import Request.
  Time since last request: 0.000036 seconds.
  path: Assets/Scenes/FirstPerson 3D Controller/UI/Gui_parts/lil_roundframe_ready2.png
  artifactKey: Guid(c62f85c58ec624236b422322a0a203bf) Importer(815301076,1909f56bfc062723c751e8b465ee728b)
Start importing Assets/Scenes/FirstPerson 3D Controller/UI/Gui_parts/lil_roundframe_ready2.png using Guid(c62f85c58ec624236b422322a0a203bf) Importer(815301076,1909f56bfc062723c751e8b465ee728b)  -> (artifact id: '5309fdff7d6e362db714d8808efbc783') in 0.049829 seconds 
========================================================================
Received Import Request.
  Time since last request: 0.000046 seconds.
  path: Assets/Scenes/FirstPerson 3D Controller/UI/Gui_parts/button_agree.png
  artifactKey: Guid(f397f38db71da4cc8969a1810782fbc4) Importer(815301076,1909f56bfc062723c751e8b465ee728b)
Start importing Assets/Scenes/FirstPerson 3D Controller/UI/Gui_parts/button_agree.png using Guid(f397f38db71da4cc8969a1810782fbc4) Importer(815301076,1909f56bfc062723c751e8b465ee728b)  -> (artifact id: '1380b0ab03bb89cc898eb56edf4d3a7e') in 0.066292 seconds 
========================================================================
Received Import Request.
  Time since last request: 0.000035 seconds.
  path: Assets/Scenes/FirstPerson 3D Controller/UI/Gui_parts/lil_roundframe.png
  artifactKey: Guid(ad9d61752066b4bbb9a99fd7933bb8ba) Importer(815301076,1909f56bfc062723c751e8b465ee728b)
Start importing Assets/Scenes/FirstPerson 3D Controller/UI/Gui_parts/lil_roundframe.png using Guid(ad9d61752066b4bbb9a99fd7933bb8ba) Importer(815301076,1909f56bfc062723c751e8b465ee728b)  -> (artifact id: '7ffe79aee76f8eb1d568676508c40487') in 0.058606 seconds 
========================================================================
Received Import Request.
  Time since last request: 0.000038 seconds.
  path: Assets/Scenes/FirstPerson 3D Controller/UI/Gui_parts/Mini_frame2.png
  artifactKey: Guid(20ab2c3857e4c4314ba08aeeff28f944) Importer(815301076,1909f56bfc062723c751e8b465ee728b)
Start importing Assets/Scenes/FirstPerson 3D Controller/UI/Gui_parts/Mini_frame2.png using Guid(20ab2c3857e4c4314ba08aeeff28f944) Importer(815301076,1909f56bfc062723c751e8b465ee728b)  -> (artifact id: '3222bb55386b05e0bc771d40fd091ded') in 0.052540 seconds 
========================================================================
Received Import Request.
  Time since last request: 0.000051 seconds.
  path: Assets/Scenes/FirstPerson 3D Controller/UI/Gui_parts/button_ready_on.png
  artifactKey: Guid(677e3297f049846cf859f6d89135a7a5) Importer(815301076,1909f56bfc062723c751e8b465ee728b)
Start importing Assets/Scenes/FirstPerson 3D Controller/UI/Gui_parts/button_ready_on.png using Guid(677e3297f049846cf859f6d89135a7a5) Importer(815301076,1909f56bfc062723c751e8b465ee728b)  -> (artifact id: '3faf9c4850dc17c7eaf1ba616f15c3ae') in 0.052696 seconds 
========================================================================
Received Import Request.
  Time since last request: 0.000230 seconds.
  path: Assets/Scenes/FirstPerson 3D Controller/UI/Gui_parts/name_bar.png
  artifactKey: Guid(2c15469b029204308923648a1ce05b9c) Importer(815301076,1909f56bfc062723c751e8b465ee728b)
Start importing Assets/Scenes/FirstPerson 3D Controller/UI/Gui_parts/name_bar.png using Guid(2c15469b029204308923648a1ce05b9c) Importer(815301076,1909f56bfc062723c751e8b465ee728b)  -> (artifact id: '2ad9b815240ce69f2dc894436fd20db9') in 0.063254 seconds 
========================================================================
Received Import Request.
  Time since last request: 0.000044 seconds.
  path: Assets/Scenes/FirstPerson 3D Controller/UI/Gui_parts/warrior_silhouette_woman.png
  artifactKey: Guid(5f21d24c02a7347bead913c5b5c95c88) Importer(815301076,1909f56bfc062723c751e8b465ee728b)
Start importing Assets/Scenes/FirstPerson 3D Controller/UI/Gui_parts/warrior_silhouette_woman.png using Guid(5f21d24c02a7347bead913c5b5c95c88) Importer(815301076,1909f56bfc062723c751e8b465ee728b)  -> (artifact id: '8cae82ead51dfb0d0405d9b8ffca81e3') in 0.158822 seconds 
========================================================================
Received Import Request.
  Time since last request: 0.000043 seconds.
  path: Assets/Scenes/FirstPerson 3D Controller/UI/Gui_parts/warrior_silhouette_man.png
  artifactKey: Guid(ce5921b0a9f6d4e2b9ee864fe75c765d) Importer(815301076,1909f56bfc062723c751e8b465ee728b)
Start importing Assets/Scenes/FirstPerson 3D Controller/UI/Gui_parts/warrior_silhouette_man.png using Guid(ce5921b0a9f6d4e2b9ee864fe75c765d) Importer(815301076,1909f56bfc062723c751e8b465ee728b)  -> (artifact id: '3870dc9e5cce152faeee070121f647cb') in 0.173137 seconds 
========================================================================
Received Import Request.
  Time since last request: 0.000041 seconds.
  path: Assets/Scenes/FirstPerson 3D Controller/UI/Gui_parts/Hp_frame.png
  artifactKey: Guid(c32d297d2a90547fb962e66d1a592af0) Importer(815301076,1909f56bfc062723c751e8b465ee728b)
Start importing Assets/Scenes/FirstPerson 3D Controller/UI/Gui_parts/Hp_frame.png using Guid(c32d297d2a90547fb962e66d1a592af0) Importer(815301076,1909f56bfc062723c751e8b465ee728b)  -> (artifact id: 'b745e8c064c0e57cc45d1ec09cb9b139') in 0.082844 seconds 
========================================================================
Received Import Request.
  Time since last request: 2.539198 seconds.
  path: Assets/Scenes/FirstPerson 3D Controller/UI/Icons/armor_icon.png
  artifactKey: Guid(70fb005b8ec434051ab94cab8a11af6a) Importer(815301076,1909f56bfc062723c751e8b465ee728b)
Start importing Assets/Scenes/FirstPerson 3D Controller/UI/Icons/armor_icon.png using Guid(70fb005b8ec434051ab94cab8a11af6a) Importer(815301076,1909f56bfc062723c751e8b465ee728b)  -> (artifact id: 'e8611eb71ebf72a0b0f873befe4a2871') in 0.085652 seconds 
========================================================================
Received Import Request.
  Time since last request: 0.000048 seconds.
  path: Assets/Scenes/FirstPerson 3D Controller/UI/Icons/skill_icon_01_nobg.png
  artifactKey: Guid(0b0a7fc6fa6004e509d51920c253caba) Importer(815301076,1909f56bfc062723c751e8b465ee728b)
Start importing Assets/Scenes/FirstPerson 3D Controller/UI/Icons/skill_icon_01_nobg.png using Guid(0b0a7fc6fa6004e509d51920c253caba) Importer(815301076,1909f56bfc062723c751e8b465ee728b)  -> (artifact id: '112593808c028ccebc698c8603aa84b0') in 0.070323 seconds 
========================================================================
Received Import Request.
  Time since last request: 0.000064 seconds.
  path: Assets/Scenes/FirstPerson 3D Controller/UI/Icons/stoune_icon.png
  artifactKey: Guid(2b2c9b3f0163c4c5eabc1763d92c9e07) Importer(815301076,1909f56bfc062723c751e8b465ee728b)
Start importing Assets/Scenes/FirstPerson 3D Controller/UI/Icons/stoune_icon.png using Guid(2b2c9b3f0163c4c5eabc1763d92c9e07) Importer(815301076,1909f56bfc062723c751e8b465ee728b)  -> (artifact id: '54e67c5f1cac8b552b4080a88072a1d4') in 0.059069 seconds 
========================================================================
Received Import Request.
  Time since last request: 0.000044 seconds.
  path: Assets/Scenes/FirstPerson 3D Controller/UI/Icons/skill_icon_02_nobg.png
  artifactKey: Guid(b85ed2a7b46014f82885a750ccc29913) Importer(815301076,1909f56bfc062723c751e8b465ee728b)
Start importing Assets/Scenes/FirstPerson 3D Controller/UI/Icons/skill_icon_02_nobg.png using Guid(b85ed2a7b46014f82885a750ccc29913) Importer(815301076,1909f56bfc062723c751e8b465ee728b)  -> (artifact id: '1ee17c338f5298597e06b2fa0c6308f4') in 0.057142 seconds 
========================================================================
Received Import Request.
  Time since last request: 0.000048 seconds.
  path: Assets/Scenes/FirstPerson 3D Controller/UI/Icons/skill_icon_02.png
  artifactKey: Guid(411127e2fdf694263ad5b59719a6f16d) Importer(815301076,1909f56bfc062723c751e8b465ee728b)
Start importing Assets/Scenes/FirstPerson 3D Controller/UI/Icons/skill_icon_02.png using Guid(411127e2fdf694263ad5b59719a6f16d) Importer(815301076,1909f56bfc062723c751e8b465ee728b)  -> (artifact id: 'ea6b23a34872bac7fa6da32e8d36ab85') in 0.055875 seconds 
========================================================================
Received Import Request.
  Time since last request: 0.000050 seconds.
  path: Assets/Scenes/FirstPerson 3D Controller/UI/Icons/weapon_icon.png
  artifactKey: Guid(2b437642e98fd4a718814439607b581b) Importer(815301076,1909f56bfc062723c751e8b465ee728b)
Start importing Assets/Scenes/FirstPerson 3D Controller/UI/Icons/weapon_icon.png using Guid(2b437642e98fd4a718814439607b581b) Importer(815301076,1909f56bfc062723c751e8b465ee728b)  -> (artifact id: '2d6438ede56c6afb22debe56dd8c2146') in 0.078511 seconds 
========================================================================
Received Import Request.
  Time since last request: 4.931821 seconds.
  path: Assets/Scenes/FirstPerson 3D Controller/Scripts
  artifactKey: Guid(70057b60ff9b24803a2cc873231a0c32) Importer(815301076,1909f56bfc062723c751e8b465ee728b)
Start importing Assets/Scenes/FirstPerson 3D Controller/Scripts using Guid(70057b60ff9b24803a2cc873231a0c32) Importer(815301076,1909f56bfc062723c751e8b465ee728b)  -> (artifact id: '848c66f62ab9102b8730e7bcf09adec1') in 0.011993 seconds 
========================================================================
Received Import Request.
  Time since last request: 3.644778 seconds.
  path: Assets/Scenes/FirstPerson 3D Controller/Scripts/AI_Movement.cs
  artifactKey: Guid(fc00f343312dc44b5ac6082659e0286a) Importer(815301076,1909f56bfc062723c751e8b465ee728b)
Start importing Assets/Scenes/FirstPerson 3D Controller/Scripts/AI_Movement.cs using Guid(fc00f343312dc44b5ac6082659e0286a) Importer(815301076,1909f56bfc062723c751e8b465ee728b)  -> (artifact id: '2d981e8c44e69af386d496b03a692c71') in 0.121472 seconds 
========================================================================
Received Import Request.
  Time since last request: 0.814292 seconds.
  path: Assets/Scenes/FirstPerson 3D Controller/Scripts/InteractableObject.cs
  artifactKey: Guid(3dd3b347801414eaca5a713c8afda4e8) Importer(815301076,1909f56bfc062723c751e8b465ee728b)
Start importing Assets/Scenes/FirstPerson 3D Controller/Scripts/InteractableObject.cs using Guid(3dd3b347801414eaca5a713c8afda4e8) Importer(815301076,1909f56bfc062723c751e8b465ee728b)  -> (artifact id: 'a6ab0129997d56420a9f91227c15cf9e') in 0.020855 seconds 
========================================================================
Received Import Request.
  Time since last request: 0.514014 seconds.
  path: Assets/Scenes/FirstPerson 3D Controller/Scripts/SelectionManager.cs
  artifactKey: Guid(8fc925308ec6e45628b77c69879fb398) Importer(815301076,1909f56bfc062723c751e8b465ee728b)
Start importing Assets/Scenes/FirstPerson 3D Controller/Scripts/SelectionManager.cs using Guid(8fc925308ec6e45628b77c69879fb398) Importer(815301076,1909f56bfc062723c751e8b465ee728b)  -> (artifact id: 'a016d34923fe749887f05704bbab64b1') in 0.020004 seconds 
========================================================================
Received Import Request.
  Time since last request: 35.490271 seconds.
  path: Assets/Scenes/FirstPerson 3D Controller/Scripts/Inventory
  artifactKey: Guid(d2721da55e46342dbad60cb1af239ed6) Importer(815301076,1909f56bfc062723c751e8b465ee728b)
Start importing Assets/Scenes/FirstPerson 3D Controller/Scripts/Inventory using Guid(d2721da55e46342dbad60cb1af239ed6) Importer(815301076,1909f56bfc062723c751e8b465ee728b)  -> (artifact id: '4fad1d4bdb9790b6ddfefd958f2637e0') in 0.033139 seconds 
========================================================================
Received Import Request.
  Time since last request: 76.563048 seconds.
  path: Assets/Scenes/FirstPerson 3D Controller/Scripts/Inventory/DragDrop.cs
  artifactKey: Guid(78df020e478c5408fa54b09080da1e12) Importer(815301076,1909f56bfc062723c751e8b465ee728b)
Start importing Assets/Scenes/FirstPerson 3D Controller/Scripts/Inventory/DragDrop.cs using Guid(78df020e478c5408fa54b09080da1e12) Importer(815301076,1909f56bfc062723c751e8b465ee728b)  -> (artifact id: '23078008d0bf84ead56c6181a2009fee') in 0.029345 seconds 
========================================================================
Received Import Request.
  Time since last request: 1.405969 seconds.
  path: Assets/Scenes/FirstPerson 3D Controller/Scripts/Inventory/InventorySystem.cs
  artifactKey: Guid(b02301e3eedc74552948081e213fb455) Importer(815301076,1909f56bfc062723c751e8b465ee728b)
Start importing Assets/Scenes/FirstPerson 3D Controller/Scripts/Inventory/InventorySystem.cs using Guid(b02301e3eedc74552948081e213fb455) Importer(815301076,1909f56bfc062723c751e8b465ee728b)  -> (artifact id: '9ef04619045c11088031018592701121') in 0.017856 seconds 
========================================================================
Received Import Request.
  Time since last request: 5.724248 seconds.
  path: Assets/Scenes/FirstPerson 3D Controller/Scripts/Inventory/ItemSlot.cs
  artifactKey: Guid(66b9ec7dee5504a9ba02e6943a59bf84) Importer(815301076,1909f56bfc062723c751e8b465ee728b)
Start importing Assets/Scenes/FirstPerson 3D Controller/Scripts/Inventory/ItemSlot.cs using Guid(66b9ec7dee5504a9ba02e6943a59bf84) Importer(815301076,1909f56bfc062723c751e8b465ee728b)  -> (artifact id: '98f714313675828cee6b528bed972c37') in 0.016331 seconds 
========================================================================
Received Import Request.
  Time since last request: 57117.732406 seconds.
  path: Assets/Scenes/FirstPerson 3D Controller/FantasyEnvironments/Environments/Terrain.asset
  artifactKey: Guid(8ee04e1f17f7f5549acabd4c8d8a68c4) Importer(815301076,1909f56bfc062723c751e8b465ee728b)
Start importing Assets/Scenes/FirstPerson 3D Controller/FantasyEnvironments/Environments/Terrain.asset using Guid(8ee04e1f17f7f5549acabd4c8d8a68c4) Importer(815301076,1909f56bfc062723c751e8b465ee728b)  -> (artifact id: 'eb36236c6d582e775e25c5655cabfa56') in 0.775115 seconds 
========================================================================
Received Prepare
Registering precompiled user dll's ...
Registered in 0.019252 seconds.
Begin MonoManager ReloadAssembly
Symbol file LoadedFromMemory doesn't match image C:\Users\ndawi\starsailors\Library\PackageCache\com.unity.visualscripting@1.7.8\Editor\VisualScripting.Core\Dependencies\YamlDotNet\Unity.VisualScripting.YamlDotNet.dll
Symbol file LoadedFromMemory doesn't match image C:\Users\ndawi\starsailors\Library\PackageCache\com.unity.visualscripting@1.7.8\Editor\VisualScripting.Core\Dependencies\DotNetZip\Unity.VisualScripting.IonicZip.dll
Native extension for WindowsStandalone target not found
Refreshing native plugins compatible for Editor in 2.82 ms, found 3 plugins.
Preloading 0 native plugins for Editor in 0.00 ms.
Mono: successfully reloaded assembly
- Completed reload, in  3.174 seconds
Domain Reload Profiling:
	ReloadAssembly (3176ms)
		BeginReloadAssembly (738ms)
			ExecutionOrderSort (0ms)
			DisableScriptedObjects (34ms)
			BackupInstance (0ms)
			ReleaseScriptingObjects (0ms)
			CreateAndSetChildDomain (239ms)
		EndReloadAssembly (2231ms)
			LoadAssemblies (367ms)
			RebuildTransferFunctionScriptingTraits (0ms)
			SetupTypeCache (1321ms)
			ReleaseScriptCaches (4ms)
			RebuildScriptCaches (103ms)
			SetupLoadedEditorAssemblies (617ms)
				LogAssemblyErrors (0ms)
				InitializePlatformSupportModulesInManaged (15ms)
				SetLoadedEditorAssemblies (1ms)
				RefreshPlugins (3ms)
				BeforeProcessingInitializeOnLoad (149ms)
				ProcessInitializeOnLoadAttributes (390ms)
				ProcessInitializeOnLoadMethodAttributes (52ms)
				AfterProcessingInitializeOnLoad (6ms)
				EditorAssembliesLoaded (0ms)
			ExecutionOrderSort2 (0ms)
			AwakeInstancesAfterBackupRestoration (7ms)
Platform modules already initialized, skipping
Refreshing native plugins compatible for Editor in 3.36 ms, found 3 plugins.
Preloading 0 native plugins for Editor in 0.00 ms.
Unloading 7591 Unused Serialized files (Serialized files now loaded: 0)
Unloading 153 unused Assets / (12.3 MB). Loaded Objects now: 8148.
Memory consumption went from 318.7 MB to 306.5 MB.
Total: 9.083900 ms (FindLiveObjects: 0.628100 ms CreateObjectMapping: 0.504400 ms MarkObjects: 5.285700 ms  DeleteObjects: 2.664000 ms)

AssetImportParameters requested are different than current active one (requested -> active):
  custom:video-decoder-ogg-theora: a1e56fd34408186e4bbccfd4996cb3dc -> 
  custom:container-muxer-webm: aa71ff27fc2769a1b78a27578f13a17b -> 
  custom:container-demuxer-webm: 4f35f7cbe854078d1ac9338744f61a02 -> 
  custom:video-encoder-webm-vp8: eb34c28f22e8b96e1ab97ce403110664 -> 
  custom:video-codec-MediaFoundation-h265: 746d11721c4dcdbdad8f713fa42b33f4 -> 
  custom:audio-encoder-webm-vorbis: bf7c407c2cedff20999df2af8eb42d56 -> 
  custom:framework-win-MediaFoundation: 216162199b28c13a410421893ffa2e32 -> 
  custom:container-demuxer-ogg: 62fdf1f143b41e24485cea50d1cbac27 -> 
  custom:video-decoder-webm-vp8: 9c59270c3fd7afecdb556c50c9e8de78 -> 
  custom:audio-decoder-ogg-vorbis: bf7c407c2cedff20999df2af8eb42d56 -> 
========================================================================
Received Prepare
Registering precompiled user dll's ...
Registered in 0.008867 seconds.
Begin MonoManager ReloadAssembly
Symbol file LoadedFromMemory doesn't match image C:\Users\ndawi\starsailors\Library\PackageCache\com.unity.visualscripting@1.7.8\Editor\VisualScripting.Core\Dependencies\YamlDotNet\Unity.VisualScripting.YamlDotNet.dll
Symbol file LoadedFromMemory doesn't match image C:\Users\ndawi\starsailors\Library\PackageCache\com.unity.visualscripting@1.7.8\Editor\VisualScripting.Core\Dependencies\DotNetZip\Unity.VisualScripting.IonicZip.dll
Native extension for WindowsStandalone target not found
Refreshing native plugins compatible for Editor in 1.87 ms, found 3 plugins.
Preloading 0 native plugins for Editor in 0.00 ms.
Mono: successfully reloaded assembly
- Completed reload, in  1.999 seconds
Domain Reload Profiling:
	ReloadAssembly (2000ms)
		BeginReloadAssembly (178ms)
			ExecutionOrderSort (0ms)
			DisableScriptedObjects (6ms)
			BackupInstance (0ms)
			ReleaseScriptingObjects (0ms)
			CreateAndSetChildDomain (56ms)
		EndReloadAssembly (1699ms)
			LoadAssemblies (111ms)
			RebuildTransferFunctionScriptingTraits (0ms)
			SetupTypeCache (663ms)
			ReleaseScriptCaches (5ms)
			RebuildScriptCaches (125ms)
			SetupLoadedEditorAssemblies (685ms)
				LogAssemblyErrors (0ms)
				InitializePlatformSupportModulesInManaged (18ms)
				SetLoadedEditorAssemblies (1ms)
				RefreshPlugins (2ms)
				BeforeProcessingInitializeOnLoad (190ms)
				ProcessInitializeOnLoadAttributes (422ms)
				ProcessInitializeOnLoadMethodAttributes (47ms)
				AfterProcessingInitializeOnLoad (5ms)
				EditorAssembliesLoaded (0ms)
			ExecutionOrderSort2 (0ms)
			AwakeInstancesAfterBackupRestoration (7ms)
Platform modules already initialized, skipping
Refreshing native plugins compatible for Editor in 3.48 ms, found 3 plugins.
Preloading 0 native plugins for Editor in 0.00 ms.
Unloading 7591 Unused Serialized files (Serialized files now loaded: 0)
Unloading 151 unused Assets / (11.7 MB). Loaded Objects now: 8151.
Memory consumption went from 318.2 MB to 306.5 MB.
Total: 7.966200 ms (FindLiveObjects: 0.563300 ms CreateObjectMapping: 0.405200 ms MarkObjects: 4.831800 ms  DeleteObjects: 2.164300 ms)

AssetImportParameters requested are different than current active one (requested -> active):
  custom:video-decoder-ogg-theora: a1e56fd34408186e4bbccfd4996cb3dc -> 
  custom:container-muxer-webm: aa71ff27fc2769a1b78a27578f13a17b -> 
  custom:container-demuxer-webm: 4f35f7cbe854078d1ac9338744f61a02 -> 
  custom:video-encoder-webm-vp8: eb34c28f22e8b96e1ab97ce403110664 -> 
  custom:video-codec-MediaFoundation-h265: 746d11721c4dcdbdad8f713fa42b33f4 -> 
  custom:audio-encoder-webm-vorbis: bf7c407c2cedff20999df2af8eb42d56 -> 
  custom:framework-win-MediaFoundation: 216162199b28c13a410421893ffa2e32 -> 
  custom:container-demuxer-ogg: 62fdf1f143b41e24485cea50d1cbac27 -> 
  custom:video-decoder-webm-vp8: 9c59270c3fd7afecdb556c50c9e8de78 -> 
  custom:audio-decoder-ogg-vorbis: bf7c407c2cedff20999df2af8eb42d56 -> 
